[debug] [2018-07-31T03:03:30.925Z] ----------------------------------------------------------------------
[debug] [2018-07-31T03:03:30.928Z] Command:       /usr/local/Cellar/node/8.1.3/bin/node /Users/esam/.nvm/versions/node/v6.11.2/bin/firebase functions:shell
[debug] [2018-07-31T03:03:30.928Z] CLI Version:   4.0.0
[debug] [2018-07-31T03:03:30.928Z] Platform:      darwin
[debug] [2018-07-31T03:03:30.928Z] Node Version:  v8.1.3
[debug] [2018-07-31T03:03:30.929Z] Time:          Mon Jul 30 2018 23:03:30 GMT-0400 (EDT)
[debug] [2018-07-31T03:03:30.929Z] ----------------------------------------------------------------------
[debug] 
[debug] [2018-07-31T03:03:30.941Z] > command requires scopes: ["email","openid","https://www.googleapis.com/auth/cloudplatformprojects.readonly","https://www.googleapis.com/auth/firebase","https://www.googleapis.com/auth/cloud-platform"]
[debug] [2018-07-31T03:03:30.941Z] > authorizing via signed-in user
[debug] [2018-07-31T03:03:30.944Z] >>> HTTP REQUEST GET https://admin.firebase.com/v1/projects/invers-blockchain  
  
 Mon Jul 30 2018 23:03:30 GMT-0400 (EDT)
[debug] [2018-07-31T03:03:31.354Z] <<< HTTP RESPONSE 200
[debug] [2018-07-31T03:03:31.355Z] >>> HTTP REQUEST GET https://admin.firebase.com/v1/database/invers-blockchain/tokens  
  
 Mon Jul 30 2018 23:03:31 GMT-0400 (EDT)
[debug] [2018-07-31T03:03:31.756Z] <<< HTTP RESPONSE 200
[info] i  functions: Preparing to emulate functions.
[debug] [2018-07-31T03:03:32.380Z] Fetching environment
[debug] [2018-07-31T03:03:32.382Z] >>> HTTP REQUEST GET https://cloudresourcemanager.googleapis.com/v1/projects/invers-blockchain  
  
 Mon Jul 30 2018 23:03:32 GMT-0400 (EDT)
[debug] [2018-07-31T03:03:32.758Z] <<< HTTP RESPONSE 200
[debug] [2018-07-31T03:03:32.758Z] >>> HTTP REQUEST GET https://mobilesdk-pa.googleapis.com/v1/projects/381803136761:getServerAppConfig  
  
 Mon Jul 30 2018 23:03:32 GMT-0400 (EDT)
[debug] [2018-07-31T03:03:33.093Z] <<< HTTP RESPONSE 200
[debug] [2018-07-31T03:03:33.093Z] Starting @google-cloud/functions-emulator
[debug] [2018-07-31T03:03:34.673Z] Parsing function triggers
[debug] [2018-07-31T03:03:34.965Z] Deploying functions locally
[debug] [2018-07-31T03:03:34.966Z] Deploying functions locally
[info] ✔  functions: depositsOnCreate
[info] ✔  functions: addUser
[info] ✔  functions: addDeposit
[info] ✔  functions: usersOnCreate
